<?xml version="1.0" encoding="UTF-8"?>
<testsuite name="com.example.cistarterapp.CiStarterAppApplicationTests" tests="1" skipped="0" failures="0" errors="0" timestamp="2021-09-14T21:23:18" hostname="TM0767288" time="0.222">
  <properties/>
  <testcase name="contextLoads()" classname="com.example.cistarterapp.CiStarterAppApplicationTests" time="0.222"/>
  <system-out><![CDATA[14:23:16.736 [Test worker] DEBUG org.springframework.test.context.BootstrapUtils - Instantiating CacheAwareContextLoaderDelegate from class [org.springframework.test.context.cache.DefaultCacheAwareContextLoaderDelegate]
14:23:16.750 [Test worker] DEBUG org.springframework.test.context.BootstrapUtils - Instantiating BootstrapContext using constructor [public org.springframework.test.context.support.DefaultBootstrapContext(java.lang.Class,org.springframework.test.context.CacheAwareContextLoaderDelegate)]
14:23:16.781 [Test worker] DEBUG org.springframework.test.context.BootstrapUtils - Instantiating TestContextBootstrapper for test class [com.example.cistarterapp.CiStarterAppApplicationTests] from class [org.springframework.boot.test.context.SpringBootTestContextBootstrapper]
14:23:16.793 [Test worker] INFO org.springframework.boot.test.context.SpringBootTestContextBootstrapper - Neither @ContextConfiguration nor @ContextHierarchy found for test class [com.example.cistarterapp.CiStarterAppApplicationTests], using SpringBootContextLoader
14:23:16.796 [Test worker] DEBUG org.springframework.test.context.support.AbstractContextLoader - Did not detect default resource location for test class [com.example.cistarterapp.CiStarterAppApplicationTests]: class path resource [com/example/cistarterapp/CiStarterAppApplicationTests-context.xml] does not exist
14:23:16.797 [Test worker] DEBUG org.springframework.test.context.support.AbstractContextLoader - Did not detect default resource location for test class [com.example.cistarterapp.CiStarterAppApplicationTests]: class path resource [com/example/cistarterapp/CiStarterAppApplicationTestsContext.groovy] does not exist
14:23:16.797 [Test worker] INFO org.springframework.test.context.support.AbstractContextLoader - Could not detect default resource locations for test class [com.example.cistarterapp.CiStarterAppApplicationTests]: no resource found for suffixes {-context.xml, Context.groovy}.
14:23:16.798 [Test worker] INFO org.springframework.test.context.support.AnnotationConfigContextLoaderUtils - Could not detect default configuration classes for test class [com.example.cistarterapp.CiStarterAppApplicationTests]: CiStarterAppApplicationTests does not declare any static, non-private, non-final, nested classes annotated with @Configuration.
14:23:16.838 [Test worker] DEBUG org.springframework.test.context.support.ActiveProfilesUtils - Could not find an 'annotation declaring class' for annotation type [org.springframework.test.context.ActiveProfiles] and class [com.example.cistarterapp.CiStarterAppApplicationTests]
14:23:16.895 [Test worker] DEBUG org.springframework.context.annotation.ClassPathScanningCandidateComponentProvider - Identified candidate component class: file [C:\Users\LMahade1\Documents\September13thBootcamp\ci-starter-app\build\classes\java\main\com\example\cistarterapp\CiStarterAppApplication.class]
14:23:16.906 [Test worker] INFO org.springframework.boot.test.context.SpringBootTestContextBootstrapper - Found @SpringBootConfiguration com.example.cistarterapp.CiStarterAppApplication for test class com.example.cistarterapp.CiStarterAppApplicationTests
14:23:17.013 [Test worker] DEBUG org.springframework.boot.test.context.SpringBootTestContextBootstrapper - @TestExecutionListeners is not present for class [com.example.cistarterapp.CiStarterAppApplicationTests]: using defaults.
14:23:17.013 [Test worker] INFO org.springframework.boot.test.context.SpringBootTestContextBootstrapper - Loaded default TestExecutionListener class names from location [META-INF/spring.factories]: [org.springframework.boot.test.autoconfigure.restdocs.RestDocsTestExecutionListener, org.springframework.boot.test.autoconfigure.web.client.MockRestServiceServerResetTestExecutionListener, org.springframework.boot.test.autoconfigure.web.servlet.MockMvcPrintOnlyOnFailureTestExecutionListener, org.springframework.boot.test.autoconfigure.web.servlet.WebDriverTestExecutionListener, org.springframework.boot.test.autoconfigure.webservices.client.MockWebServiceServerTestExecutionListener, org.springframework.boot.test.mock.mockito.MockitoTestExecutionListener, org.springframework.boot.test.mock.mockito.ResetMocksTestExecutionListener, org.springframework.test.context.web.ServletTestExecutionListener, org.springframework.test.context.support.DirtiesContextBeforeModesTestExecutionListener, org.springframework.test.context.event.ApplicationEventsTestExecutionListener, org.springframework.test.context.support.DependencyInjectionTestExecutionListener, org.springframework.test.context.support.DirtiesContextTestExecutionListener, org.springframework.test.context.transaction.TransactionalTestExecutionListener, org.springframework.test.context.jdbc.SqlScriptsTestExecutionListener, org.springframework.test.context.event.EventPublishingTestExecutionListener]
14:23:17.030 [Test worker] DEBUG org.springframework.boot.test.context.SpringBootTestContextBootstrapper - Skipping candidate TestExecutionListener [org.springframework.test.context.transaction.TransactionalTestExecutionListener] due to a missing dependency. Specify custom listener classes or make the default listener classes and their required dependencies available. Offending class: [org/springframework/transaction/interceptor/TransactionAttributeSource]
14:23:17.032 [Test worker] DEBUG org.springframework.boot.test.context.SpringBootTestContextBootstrapper - Skipping candidate TestExecutionListener [org.springframework.test.context.jdbc.SqlScriptsTestExecutionListener] due to a missing dependency. Specify custom listener classes or make the default listener classes and their required dependencies available. Offending class: [org/springframework/transaction/interceptor/TransactionAttribute]
14:23:17.032 [Test worker] INFO org.springframework.boot.test.context.SpringBootTestContextBootstrapper - Using TestExecutionListeners: [org.springframework.test.context.web.ServletTestExecutionListener@2c828454, org.springframework.test.context.support.DirtiesContextBeforeModesTestExecutionListener@3208f38a, org.springframework.test.context.event.ApplicationEventsTestExecutionListener@543f17d7, org.springframework.boot.test.mock.mockito.MockitoTestExecutionListener@51c27ec6, org.springframework.boot.test.autoconfigure.SpringBootDependencyInjectionTestExecutionListener@695ae08e, org.springframework.test.context.support.DirtiesContextTestExecutionListener@1c3bca8c, org.springframework.test.context.event.EventPublishingTestExecutionListener@3096e773, org.springframework.boot.test.autoconfigure.restdocs.RestDocsTestExecutionListener@72609be9, org.springframework.boot.test.autoconfigure.web.client.MockRestServiceServerResetTestExecutionListener@4c004bbb, org.springframework.boot.test.autoconfigure.web.servlet.MockMvcPrintOnlyOnFailureTestExecutionListener@ead971d, org.springframework.boot.test.autoconfigure.web.servlet.WebDriverTestExecutionListener@98744c4, org.springframework.boot.test.autoconfigure.webservices.client.MockWebServiceServerTestExecutionListener@7fce39ce, org.springframework.boot.test.mock.mockito.ResetMocksTestExecutionListener@315df81f]
14:23:17.038 [Test worker] DEBUG org.springframework.test.context.support.AbstractDirtiesContextTestExecutionListener - Before test class: context [DefaultTestContext@323b1afc testClass = CiStarterAppApplicationTests, testInstance = [null], testMethod = [null], testException = [null], mergedContextConfiguration = [WebMergedContextConfiguration@e4f4bd3 testClass = CiStarterAppApplicationTests, locations = '{}', classes = '{class com.example.cistarterapp.CiStarterAppApplication}', contextInitializerClasses = '[]', activeProfiles = '{}', propertySourceLocations = '{}', propertySourceProperties = '{org.springframework.boot.test.context.SpringBootTestContextBootstrapper=true}', contextCustomizers = set[org.springframework.boot.test.autoconfigure.actuate.metrics.MetricsExportContextCustomizerFactory$DisableMetricExportContextCustomizer@558a4847, org.springframework.boot.test.autoconfigure.properties.PropertyMappingContextCustomizer@0, org.springframework.boot.test.autoconfigure.web.servlet.WebDriverContextCustomizerFactory$Customizer@58cdf43f, org.springframework.boot.test.context.filter.ExcludeFilterContextCustomizer@6601e9b, org.springframework.boot.test.json.DuplicateJsonObjectContextCustomizerFactory$DuplicateJsonObjectContextCustomizer@4afbf192, org.springframework.boot.test.mock.mockito.MockitoContextCustomizer@0, org.springframework.boot.test.web.client.TestRestTemplateContextCustomizer@38e381ad, org.springframework.boot.test.context.SpringBootTestArgs@1, org.springframework.boot.test.context.SpringBootTestWebEnvironment@1cc1ab23], resourceBasePath = 'src/main/webapp', contextLoader = 'org.springframework.boot.test.context.SpringBootContextLoader', parent = [null]], attributes = map['org.springframework.test.context.web.ServletTestExecutionListener.activateListener' -> true]], class annotated with @DirtiesContext [false] with mode [null].
14:23:17.074 [Test worker] DEBUG org.springframework.test.context.support.TestPropertySourceUtils - Adding inlined properties to environment: {spring.jmx.enabled=false, org.springframework.boot.test.context.SpringBootTestContextBootstrapper=true}

  .   ____          _            __ _ _
 /\\ / ___'_ __ _ _(_)_ __  __ _ \ \ \ \
( ( )\___ | '_ | '_| | '_ \/ _` | \ \ \ \
 \\/  ___)| |_)| | | | | || (_| |  ) ) ) )
  '  |____| .__|_| |_|_| |_\__, | / / / /
 =========|_|==============|___/=/_/_/_/
 :: Spring Boot ::                (v2.4.4)

2021-09-14 14:23:17.388  INFO 27908 --- [    Test worker] c.e.c.CiStarterAppApplicationTests       : Starting CiStarterAppApplicationTests using Java 1.8.0_291 on TM0767288 with PID 27908 (started by LMahade1 in C:\Users\LMahade1\Documents\September13thBootcamp\ci-starter-app)
2021-09-14 14:23:17.390  INFO 27908 --- [    Test worker] c.e.c.CiStarterAppApplicationTests       : No active profile set, falling back to default profiles: default
2021-09-14 14:23:18.415  INFO 27908 --- [    Test worker] o.s.s.concurrent.ThreadPoolTaskExecutor  : Initializing ExecutorService 'applicationTaskExecutor'
2021-09-14 14:23:18.712  INFO 27908 --- [    Test worker] c.e.c.CiStarterAppApplicationTests       : Started CiStarterAppApplicationTests in 1.629 seconds (JVM running for 3.076)
]]></system-out>
  <system-err><![CDATA[]]></system-err>
</testsuite>
